{"synthetic": false,
 "schemaVersion": "2025-09-10",
 "outputs":
 {"o": ["67543d189f4319e1.olean"],
  "i": "a51a1ce74561d308.ilean",
  "c": "0aad8ab1998b0397.c"},
 "log":
 [{"message":
   ".> LEAN_PATH=C:\\Users\\justi\\Desktop\\ComfyUI-Lattice-Compositor\\leancomfy\\lean\\.lake\\packages\\Cli\\.lake\\build\\lib\\lean;C:\\Users\\justi\\Desktop\\ComfyUI-Lattice-Compositor\\leancomfy\\lean\\patched-deps\\ImportGraph\\.lake\\build\\lib\\lean;C:\\Users\\justi\\Desktop\\ComfyUI-Lattice-Compositor\\leancomfy\\lean\\.lake\\packages\\LeanSearchClient\\.lake\\build\\lib\\lean;C:\\Users\\justi\\Desktop\\ComfyUI-Lattice-Compositor\\leancomfy\\lean\\.lake\\packages\\plausible\\.lake\\build\\lib\\lean;C:\\Users\\justi\\Desktop\\ComfyUI-Lattice-Compositor\\leancomfy\\lean\\.lake\\packages\\leanblas\\.lake\\build\\lib\\lean;C:\\Users\\justi\\Desktop\\ComfyUI-Lattice-Compositor\\leancomfy\\lean\\patched-deps\\Qq\\.lake\\build\\lib\\lean;C:\\Users\\justi\\Desktop\\ComfyUI-Lattice-Compositor\\leancomfy\\lean\\patched-deps\\aesop\\.lake\\build\\lib\\lean;C:\\Users\\justi\\Desktop\\ComfyUI-Lattice-Compositor\\leancomfy\\lean\\.lake\\packages\\mathlib\\.lake\\build\\lib\\lean;C:\\Users\\justi\\Desktop\\ComfyUI-Lattice-Compositor\\leancomfy\\lean\\.lake\\packages\\scilean\\.lake\\build\\lib\\lean;C:\\Users\\justi\\Desktop\\ComfyUI-Lattice-Compositor\\leancomfy\\lean\\.lake\\packages\\batteries\\.lake\\build\\lib\\lean;C:\\Users\\justi\\Desktop\\ComfyUI-Lattice-Compositor\\leancomfy\\lean\\.lake\\build\\lib\\lean c:\\Users\\justi\\.elan\\toolchains\\leanprover--lean4---v4.27.0-rc1\\bin\\lean.exe C:\\Users\\justi\\Desktop\\ComfyUI-Lattice-Compositor\\leancomfy\\lean\\Interpolation\\Interpolation.lean -o C:\\Users\\justi\\Desktop\\ComfyUI-Lattice-Compositor\\leancomfy\\lean\\.lake\\build\\lib\\lean\\Interpolation.olean -i C:\\Users\\justi\\Desktop\\ComfyUI-Lattice-Compositor\\leancomfy\\lean\\.lake\\build\\lib\\lean\\Interpolation.ilean -c C:\\Users\\justi\\Desktop\\ComfyUI-Lattice-Compositor\\leancomfy\\lean\\.lake\\build\\ir\\Interpolation.c --setup C:\\Users\\justi\\Desktop\\ComfyUI-Lattice-Compositor\\leancomfy\\lean\\.lake\\build\\ir\\Interpolation.setup.json --json",
   "level": "trace"}],
 "inputs":
 [["Interpolation:deps",
   [["deps",
     [["«tensor-core»/Interpolation:extraDep",
       [["@«tensor-core»:extraDep", "00000000000006bb"]]],
      ["imports",
       [["Mathlib.Data.Real.Basic transitive imports (legacy)",
         "ca93453d938a6fb8"],
        ["Mathlib.Data.Real.Basic:importAllArts", "30a232ed2bfd0e22"],
        ["Mathlib.Data.Fin.Basic transitive imports (legacy)",
         "3b54841a13e4e504"],
        ["Mathlib.Data.Fin.Basic:importAllArts", "71e9054cd21970c9"],
        ["Mathlib.Tactic transitive imports (legacy)", "0cdf499cea343afb"],
        ["Mathlib.Tactic:importAllArts", "e65233211b7f1498"],
        ["Batteries.Lean.Float transitive imports (legacy)",
         "00000000000006bb"],
        ["Batteries.Lean.Float:importAllArts", "584682299f181886"],
        ["Mathlib.Algebra.Order.Ring.Basic transitive imports (legacy)",
         "afd87a53ef9b9d6b"],
        ["Mathlib.Algebra.Order.Ring.Basic:importAllArts", "f7ba87ebb70058f8"],
        ["Mathlib.Algebra.Order.Ring.Abs transitive imports (legacy)",
         "d6f2a4cd5cfcf592"],
        ["Mathlib.Algebra.Order.Ring.Abs:importAllArts",
         "015bc29a0958aca3"]]]]],
    ["libs",
     [["import dynlibs", "00000000000006bb"],
      ["package external libraries", "00000000000006bb"],
      ["module dynlibs", "00000000000006bb"],
      ["module plugins", "00000000000006bb"]]]]],
  ["Lean 4.27.0, commit 2fcce7258eeb6e324366bc25f9058293b04b7547",
   "6f43b597efea5d4c"],
  ["C:\\Users\\justi\\Desktop\\ComfyUI-Lattice-Compositor\\leancomfy\\lean\\Interpolation\\Interpolation.lean",
   "003d2ae76f542b3e"],
  ["options", "00000000000006bb"],
  ["Module.leanArgs: #[]", "00000000000006bb"]],
 "depHash": "b20c02fa474b1076"}