{"synthetic": false,
 "schemaVersion": "2025-09-10",
 "outputs":
 {"o": ["310aea3416346944.olean"],
  "i": "cd54d2c9d551a5ab.ilean",
  "c": "e34218d6f08d24e3.c"},
 "log":
 [{"message":
   ".> LEAN_PATH=C:\\Users\\justi\\Desktop\\ComfyUI-Lattice-Compositor\\leancomfy\\lean\\.lake\\packages\\Cli\\.lake\\build\\lib\\lean;C:\\Users\\justi\\Desktop\\ComfyUI-Lattice-Compositor\\leancomfy\\lean\\patched-deps\\ImportGraph\\.lake\\build\\lib\\lean;C:\\Users\\justi\\Desktop\\ComfyUI-Lattice-Compositor\\leancomfy\\lean\\.lake\\packages\\LeanSearchClient\\.lake\\build\\lib\\lean;C:\\Users\\justi\\Desktop\\ComfyUI-Lattice-Compositor\\leancomfy\\lean\\.lake\\packages\\plausible\\.lake\\build\\lib\\lean;C:\\Users\\justi\\Desktop\\ComfyUI-Lattice-Compositor\\leancomfy\\lean\\.lake\\packages\\leanblas\\.lake\\build\\lib\\lean;C:\\Users\\justi\\Desktop\\ComfyUI-Lattice-Compositor\\leancomfy\\lean\\patched-deps\\Qq\\.lake\\build\\lib\\lean;C:\\Users\\justi\\Desktop\\ComfyUI-Lattice-Compositor\\leancomfy\\lean\\patched-deps\\aesop\\.lake\\build\\lib\\lean;C:\\Users\\justi\\Desktop\\ComfyUI-Lattice-Compositor\\leancomfy\\lean\\.lake\\packages\\mathlib\\.lake\\build\\lib\\lean;C:\\Users\\justi\\Desktop\\ComfyUI-Lattice-Compositor\\leancomfy\\lean\\.lake\\packages\\scilean\\.lake\\build\\lib\\lean;C:\\Users\\justi\\Desktop\\ComfyUI-Lattice-Compositor\\leancomfy\\lean\\.lake\\packages\\batteries\\.lake\\build\\lib\\lean;C:\\Users\\justi\\Desktop\\ComfyUI-Lattice-Compositor\\leancomfy\\lean\\.lake\\build\\lib\\lean c:\\Users\\justi\\.elan\\toolchains\\leanprover--lean4---v4.27.0-rc1\\bin\\lean.exe C:\\Users\\justi\\Desktop\\ComfyUI-Lattice-Compositor\\leancomfy\\lean\\Main.lean -o C:\\Users\\justi\\Desktop\\ComfyUI-Lattice-Compositor\\leancomfy\\lean\\.lake\\build\\lib\\lean\\Main.olean -i C:\\Users\\justi\\Desktop\\ComfyUI-Lattice-Compositor\\leancomfy\\lean\\.lake\\build\\lib\\lean\\Main.ilean -c C:\\Users\\justi\\Desktop\\ComfyUI-Lattice-Compositor\\leancomfy\\lean\\.lake\\build\\ir\\Main.c --setup C:\\Users\\justi\\Desktop\\ComfyUI-Lattice-Compositor\\leancomfy\\lean\\.lake\\build\\ir\\Main.setup.json --json",
   "level": "trace"}],
 "inputs":
 [["Main:deps",
   [["deps",
     [["«tensor-core»/«tensor-core»:extraDep",
       [["@«tensor-core»:extraDep", "00000000000006bb"]]],
      ["imports",
       [["TensorCore.Basic transitive imports (legacy)", "00000000000006bb"],
        ["TensorCore.Basic:importAllArts", "7371e7a46021a578"],
        ["TensorCore.Tensor transitive imports (legacy)", "34cf2b25cd52a66b"],
        ["TensorCore.Tensor:importAllArts", "ac9d10e687b5200e"],
        ["TensorCore.Ops transitive imports (legacy)", "b7fd382a0dc8f743"],
        ["TensorCore.Ops:importAllArts", "1ea743b70df8da93"],
        ["TensorCore.Graph transitive imports (legacy)", "ad55eaac8a66f4fd"],
        ["TensorCore.Graph:importAllArts", "0493210854c25887"],
        ["TensorCore.FFI transitive imports (legacy)", "4f94a0cb2515cf49"],
        ["TensorCore.FFI:importAllArts", "d6c3093efa0ff6df"]]]]],
    ["libs",
     [["import dynlibs", "00000000000006bb"],
      ["package external libraries", "00000000000006bb"],
      ["module dynlibs", "00000000000006bb"],
      ["module plugins", "00000000000006bb"]]]]],
  ["Lean 4.27.0, commit 2fcce7258eeb6e324366bc25f9058293b04b7547",
   "6f43b597efea5d4c"],
  ["C:\\Users\\justi\\Desktop\\ComfyUI-Lattice-Compositor\\leancomfy\\lean\\Main.lean",
   "06d5bed06a4c3d6f"],
  ["options", "00000000000006bb"],
  ["Module.leanArgs: #[]", "00000000000006bb"]],
 "depHash": "4d6914f3924c4ce9"}