{"synthetic": false,
 "schemaVersion": "2025-09-10",
 "outputs":
 {"o": ["fde750374276c596.olean"],
  "i": "46de1054c633544d.ilean",
  "c": "f0ac0e805b51d3d5.c"},
 "log":
 [{"message":
   ".> LEAN_PATH=/mnt/c/Users/justi/desktop/compass/leandocs/typed-compass/lean/.lake/packages/Cli/.lake/build/lib/lean:/mnt/c/Users/justi/desktop/compass/leandocs/typed-compass/lean/.lake/packages/Qq/.lake/build/lib/lean:/mnt/c/Users/justi/desktop/compass/leandocs/typed-compass/lean/.lake/packages/proofwidgets/.lake/build/lib/lean:/mnt/c/Users/justi/desktop/compass/leandocs/typed-compass/lean/.lake/packages/importGraph/.lake/build/lib/lean:/mnt/c/Users/justi/desktop/compass/leandocs/typed-compass/lean/.lake/packages/LeanSearchClient/.lake/build/lib/lean:/mnt/c/Users/justi/desktop/compass/leandocs/typed-compass/lean/.lake/packages/plausible/.lake/build/lib/lean:/mnt/c/Users/justi/desktop/compass/leandocs/typed-compass/lean/.lake/packages/batteries/.lake/build/lib/lean:/mnt/c/Users/justi/desktop/compass/leandocs/typed-compass/lean/.lake/packages/mathlib/.lake/build/lib/lean:/mnt/c/Users/justi/desktop/compass/leandocs/typed-compass/lean/.lake/packages/aesop/.lake/build/lib/lean:/mnt/c/Users/justi/desktop/compass/leandocs/typed-compass/lean/.lake/build/lib/lean /nix/store/hgrr6brn6gxwrzz2z8yca82r0mhhm08r-lean4-4.26.0/bin/lean /mnt/c/Users/justi/desktop/compass/leandocs/typed-compass/lean/Compass/Auth.lean -o /mnt/c/Users/justi/desktop/compass/leandocs/typed-compass/lean/.lake/build/lib/lean/Compass/Auth.olean -i /mnt/c/Users/justi/desktop/compass/leandocs/typed-compass/lean/.lake/build/lib/lean/Compass/Auth.ilean -c /mnt/c/Users/justi/desktop/compass/leandocs/typed-compass/lean/.lake/build/ir/Compass/Auth.c --setup /mnt/c/Users/justi/desktop/compass/leandocs/typed-compass/lean/.lake/build/ir/Compass/Auth.setup.json --json",
   "level": "trace"}],
 "inputs":
 [["Compass.Auth:deps",
   [["deps",
     [["compass/Compass:extraDep", [["@compass:extraDep", "00000000000006bb"]]],
      ["imports",
       [["Compass.Core transitive imports (legacy)", "00000000000006bb"],
        ["Compass.Core:importAllArts", "6b980823b57b1433"],
        ["Compass.Permissions transitive imports (legacy)", "d10a0eb8e6ff4dde"],
        ["Compass.Permissions:importAllArts", "b3245d3df02bee76"]]]]],
    ["libs",
     [["import dynlibs", "00000000000006bb"],
      ["package external libraries", "00000000000006bb"],
      ["module dynlibs", "00000000000006bb"],
      ["module plugins", "00000000000006bb"]]]]],
  ["Lean 4.26.0, commit v4.26.0", "f25d5b1fa5c93256"],
  ["/mnt/c/Users/justi/desktop/compass/leandocs/typed-compass/lean/Compass/Auth.lean",
   "8b536dab1e6bc163"],
  ["options", "00000000000006bb"],
  ["Module.leanArgs: #[]", "00000000000006bb"]],
 "depHash": "ff1011df68c51213"}