{"synthetic": false,
 "schemaVersion": "2025-09-10",
 "outputs":
 {"o": ["8415309a75956af4.olean"],
  "i": "2dc5e8cb274bfd5b.ilean",
  "c": "456d352a29ee1be5.c"},
 "log":
 [{"message":
   ".> LEAN_PATH=/mnt/c/Users/justi/desktop/compass/leandocs/typed-compass/lean/.lake/packages/Cli/.lake/build/lib/lean:/mnt/c/Users/justi/desktop/compass/leandocs/typed-compass/lean/.lake/packages/Qq/.lake/build/lib/lean:/mnt/c/Users/justi/desktop/compass/leandocs/typed-compass/lean/.lake/packages/proofwidgets/.lake/build/lib/lean:/mnt/c/Users/justi/desktop/compass/leandocs/typed-compass/lean/.lake/packages/importGraph/.lake/build/lib/lean:/mnt/c/Users/justi/desktop/compass/leandocs/typed-compass/lean/.lake/packages/LeanSearchClient/.lake/build/lib/lean:/mnt/c/Users/justi/desktop/compass/leandocs/typed-compass/lean/.lake/packages/plausible/.lake/build/lib/lean:/mnt/c/Users/justi/desktop/compass/leandocs/typed-compass/lean/.lake/packages/batteries/.lake/build/lib/lean:/mnt/c/Users/justi/desktop/compass/leandocs/typed-compass/lean/.lake/packages/mathlib/.lake/build/lib/lean:/mnt/c/Users/justi/desktop/compass/leandocs/typed-compass/lean/.lake/packages/aesop/.lake/build/lib/lean:/mnt/c/Users/justi/desktop/compass/leandocs/typed-compass/lean/.lake/build/lib/lean /nix/store/hgrr6brn6gxwrzz2z8yca82r0mhhm08r-lean4-4.26.0/bin/lean /mnt/c/Users/justi/desktop/compass/leandocs/typed-compass/lean/Compass/Budget.lean -o /mnt/c/Users/justi/desktop/compass/leandocs/typed-compass/lean/.lake/build/lib/lean/Compass/Budget.olean -i /mnt/c/Users/justi/desktop/compass/leandocs/typed-compass/lean/.lake/build/lib/lean/Compass/Budget.ilean -c /mnt/c/Users/justi/desktop/compass/leandocs/typed-compass/lean/.lake/build/ir/Compass/Budget.c --setup /mnt/c/Users/justi/desktop/compass/leandocs/typed-compass/lean/.lake/build/ir/Compass/Budget.setup.json --json",
   "level": "trace"}],
 "inputs":
 [["Compass.Budget:deps",
   [["deps",
     [["compass/Compass:extraDep", [["@compass:extraDep", "00000000000006bb"]]],
      ["imports",
       [["Compass.Core transitive imports (legacy)", "00000000000006bb"],
        ["Compass.Core:importAllArts", "6b980823b57b1433"]]]]],
    ["libs",
     [["import dynlibs", "00000000000006bb"],
      ["package external libraries", "00000000000006bb"],
      ["module dynlibs", "00000000000006bb"],
      ["module plugins", "00000000000006bb"]]]]],
  ["Lean 4.26.0, commit v4.26.0", "f25d5b1fa5c93256"],
  ["/mnt/c/Users/justi/desktop/compass/leandocs/typed-compass/lean/Compass/Budget.lean",
   "79ae2b86b59ad1ce"],
  ["options", "00000000000006bb"],
  ["Module.leanArgs: #[]", "00000000000006bb"]],
 "depHash": "82016bdd6cf64311"}