{"synthetic": false,
 "schemaVersion": "2025-09-10",
 "outputs":
 {"o": ["ab65e64811021d53.olean"],
  "i": "275c50fd4c6cb9d6.ilean",
  "c": "b1f0268115fe91d4.c"},
 "log":
 [{"message":
   ".> LEAN_PATH=/mnt/c/Users/justi/desktop/compass/leandocs/typed-compass/lean/.lake/packages/Cli/.lake/build/lib/lean:/mnt/c/Users/justi/desktop/compass/leandocs/typed-compass/lean/.lake/packages/Qq/.lake/build/lib/lean:/mnt/c/Users/justi/desktop/compass/leandocs/typed-compass/lean/.lake/packages/proofwidgets/.lake/build/lib/lean:/mnt/c/Users/justi/desktop/compass/leandocs/typed-compass/lean/.lake/packages/importGraph/.lake/build/lib/lean:/mnt/c/Users/justi/desktop/compass/leandocs/typed-compass/lean/.lake/packages/LeanSearchClient/.lake/build/lib/lean:/mnt/c/Users/justi/desktop/compass/leandocs/typed-compass/lean/.lake/packages/plausible/.lake/build/lib/lean:/mnt/c/Users/justi/desktop/compass/leandocs/typed-compass/lean/.lake/packages/batteries/.lake/build/lib/lean:/mnt/c/Users/justi/desktop/compass/leandocs/typed-compass/lean/.lake/packages/mathlib/.lake/build/lib/lean:/mnt/c/Users/justi/desktop/compass/leandocs/typed-compass/lean/.lake/packages/aesop/.lake/build/lib/lean:/mnt/c/Users/justi/desktop/compass/leandocs/typed-compass/lean/.lake/build/lib/lean /nix/store/hgrr6brn6gxwrzz2z8yca82r0mhhm08r-lean4-4.26.0/bin/lean /mnt/c/Users/justi/desktop/compass/leandocs/typed-compass/lean/Compass/Emit.lean -o /mnt/c/Users/justi/desktop/compass/leandocs/typed-compass/lean/.lake/build/lib/lean/Compass/Emit.olean -i /mnt/c/Users/justi/desktop/compass/leandocs/typed-compass/lean/.lake/build/lib/lean/Compass/Emit.ilean -c /mnt/c/Users/justi/desktop/compass/leandocs/typed-compass/lean/.lake/build/ir/Compass/Emit.c --setup /mnt/c/Users/justi/desktop/compass/leandocs/typed-compass/lean/.lake/build/ir/Compass/Emit.setup.json --json",
   "level": "trace"}],
 "inputs":
 [["Compass.Emit:deps",
   [["deps",
     [["compass/Compass:extraDep", [["@compass:extraDep", "00000000000006bb"]]],
      ["imports",
       [["Compass.Core transitive imports (legacy)", "00000000000006bb"],
        ["Compass.Core:importAllArts", "6b980823b57b1433"],
        ["Compass.Permissions transitive imports (legacy)", "d10a0eb8e6ff4dde"],
        ["Compass.Permissions:importAllArts", "b3245d3df02bee76"],
        ["Compass.Auth transitive imports (legacy)", "2dbeb42402a66e7f"],
        ["Compass.Auth:importAllArts", "6762ce1ab9ce65ff"],
        ["Compass.Tools transitive imports (legacy)", "0fb96daa58f966ac"],
        ["Compass.Tools:importAllArts", "439347c70618eab6"],
        ["Compass.Audit transitive imports (legacy)", "d10a0eb8e6ff4dde"],
        ["Compass.Audit:importAllArts", "3e886ad55ac216a9"],
        ["Compass.Jobs transitive imports (legacy)", "d10a0eb8e6ff4dde"],
        ["Compass.Jobs:importAllArts", "2170fba71ded6d0f"]]]]],
    ["libs",
     [["import dynlibs", "00000000000006bb"],
      ["package external libraries", "00000000000006bb"],
      ["module dynlibs", "00000000000006bb"],
      ["module plugins", "00000000000006bb"]]]]],
  ["Lean 4.26.0, commit v4.26.0", "f25d5b1fa5c93256"],
  ["/mnt/c/Users/justi/desktop/compass/leandocs/typed-compass/lean/Compass/Emit.lean",
   "2e3e3f4a24d3fa9c"],
  ["options", "00000000000006bb"],
  ["Module.leanArgs: #[]", "00000000000006bb"]],
 "depHash": "780da69a0fe76b0e"}