{"synthetic": false,
 "schemaVersion": "2025-09-10",
 "outputs":
 {"o": ["f32ec84bcc4c987f.olean"],
  "i": "1838daef47fcd433.ilean",
  "c": "237a22a587c83765.c"},
 "log":
 [{"message":
   ".> LEAN_PATH=/mnt/c/Users/justi/desktop/compass/leandocs/typed-compass/lean/.lake/packages/Cli/.lake/build/lib/lean:/mnt/c/Users/justi/desktop/compass/leandocs/typed-compass/lean/.lake/packages/Qq/.lake/build/lib/lean:/mnt/c/Users/justi/desktop/compass/leandocs/typed-compass/lean/.lake/packages/proofwidgets/.lake/build/lib/lean:/mnt/c/Users/justi/desktop/compass/leandocs/typed-compass/lean/.lake/packages/importGraph/.lake/build/lib/lean:/mnt/c/Users/justi/desktop/compass/leandocs/typed-compass/lean/.lake/packages/LeanSearchClient/.lake/build/lib/lean:/mnt/c/Users/justi/desktop/compass/leandocs/typed-compass/lean/.lake/packages/plausible/.lake/build/lib/lean:/mnt/c/Users/justi/desktop/compass/leandocs/typed-compass/lean/.lake/packages/batteries/.lake/build/lib/lean:/mnt/c/Users/justi/desktop/compass/leandocs/typed-compass/lean/.lake/packages/mathlib/.lake/build/lib/lean:/mnt/c/Users/justi/desktop/compass/leandocs/typed-compass/lean/.lake/packages/aesop/.lake/build/lib/lean:/mnt/c/Users/justi/desktop/compass/leandocs/typed-compass/lean/.lake/build/lib/lean /nix/store/hgrr6brn6gxwrzz2z8yca82r0mhhm08r-lean4-4.26.0/bin/lean /mnt/c/Users/justi/desktop/compass/leandocs/typed-compass/lean/Compass/SecurityVerification.lean -o /mnt/c/Users/justi/desktop/compass/leandocs/typed-compass/lean/.lake/build/lib/lean/Compass/SecurityVerification.olean -i /mnt/c/Users/justi/desktop/compass/leandocs/typed-compass/lean/.lake/build/lib/lean/Compass/SecurityVerification.ilean -c /mnt/c/Users/justi/desktop/compass/leandocs/typed-compass/lean/.lake/build/ir/Compass/SecurityVerification.c --setup /mnt/c/Users/justi/desktop/compass/leandocs/typed-compass/lean/.lake/build/ir/Compass/SecurityVerification.setup.json --json",
   "level": "trace"}],
 "inputs":
 [["Compass.SecurityVerification:deps",
   [["deps",
     [["compass/Compass:extraDep", [["@compass:extraDep", "00000000000006bb"]]],
      ["imports",
       [["Compass.Core transitive imports (legacy)", "00000000000006bb"],
        ["Compass.Core:importAllArts", "6b980823b57b1433"],
        ["Compass.Auth transitive imports (legacy)", "2dbeb42402a66e7f"],
        ["Compass.Auth:importAllArts", "6762ce1ab9ce65ff"],
        ["Compass.Router transitive imports (legacy)", "d10a0eb8e6ff4dde"],
        ["Compass.Router:importAllArts", "162a7159f55b5bfb"],
        ["Compass.Budget transitive imports (legacy)", "d10a0eb8e6ff4dde"],
        ["Compass.Budget:importAllArts", "cf1109b9175f170d"],
        ["Compass.BudgetState transitive imports (legacy)", "d10a0eb8e6ff4dde"],
        ["Compass.BudgetState:importAllArts", "a78c2140cf510251"],
        ["Compass.RateLimiter transitive imports (legacy)", "100e0c84f41b7cd2"],
        ["Compass.RateLimiter:importAllArts", "af47a52340d1e9cb"],
        ["Compass.Flags transitive imports (legacy)", "d10a0eb8e6ff4dde"],
        ["Compass.Flags:importAllArts", "7725ba62b38f5eea"]]]]],
    ["libs",
     [["import dynlibs", "00000000000006bb"],
      ["package external libraries", "00000000000006bb"],
      ["module dynlibs", "00000000000006bb"],
      ["module plugins", "00000000000006bb"]]]]],
  ["Lean 4.26.0, commit v4.26.0", "f25d5b1fa5c93256"],
  ["/mnt/c/Users/justi/desktop/compass/leandocs/typed-compass/lean/Compass/SecurityVerification.lean",
   "602745e3043fc6e7"],
  ["options", "00000000000006bb"],
  ["Module.leanArgs: #[]", "00000000000006bb"]],
 "depHash": "8eedc0cc685bc76a"}