{"synthetic": false,
 "schemaVersion": "2025-09-10",
 "outputs":
 {"o": ["822f59b3a16d606f.olean"],
  "i": "9e88fbded9df0da2.ilean",
  "c": "eaa8c79c373edc27.c"},
 "log":
 [{"message":
   ".> LEAN_PATH=C:\\Users\\justi\\Desktop\\ComfyUI-Lattice-Compositor\\leancomfy\\lean\\.lake\\packages\\Cli\\.lake\\build\\lib\\lean;C:\\Users\\justi\\Desktop\\ComfyUI-Lattice-Compositor\\leancomfy\\lean\\patched-deps\\ImportGraph\\.lake\\build\\lib\\lean;C:\\Users\\justi\\Desktop\\ComfyUI-Lattice-Compositor\\leancomfy\\lean\\.lake\\packages\\LeanSearchClient\\.lake\\build\\lib\\lean;C:\\Users\\justi\\Desktop\\ComfyUI-Lattice-Compositor\\leancomfy\\lean\\.lake\\packages\\plausible\\.lake\\build\\lib\\lean;C:\\Users\\justi\\Desktop\\ComfyUI-Lattice-Compositor\\leancomfy\\lean\\.lake\\packages\\leanblas\\.lake\\build\\lib\\lean;C:\\Users\\justi\\Desktop\\ComfyUI-Lattice-Compositor\\leancomfy\\lean\\patched-deps\\Qq\\.lake\\build\\lib\\lean;C:\\Users\\justi\\Desktop\\ComfyUI-Lattice-Compositor\\leancomfy\\lean\\patched-deps\\aesop\\.lake\\build\\lib\\lean;C:\\Users\\justi\\Desktop\\ComfyUI-Lattice-Compositor\\leancomfy\\lean\\.lake\\packages\\mathlib\\.lake\\build\\lib\\lean;C:\\Users\\justi\\Desktop\\ComfyUI-Lattice-Compositor\\leancomfy\\lean\\.lake\\packages\\scilean\\.lake\\build\\lib\\lean;C:\\Users\\justi\\Desktop\\ComfyUI-Lattice-Compositor\\leancomfy\\lean\\.lake\\packages\\batteries\\.lake\\build\\lib\\lean;C:\\Users\\justi\\Desktop\\ComfyUI-Lattice-Compositor\\leancomfy\\lean\\.lake\\build\\lib\\lean c:\\Users\\justi\\.elan\\toolchains\\leanprover--lean4---v4.27.0-rc1\\bin\\lean.exe C:\\Users\\justi\\Desktop\\ComfyUI-Lattice-Compositor\\leancomfy\\lean\\TensorCore\\Graph.lean -o C:\\Users\\justi\\Desktop\\ComfyUI-Lattice-Compositor\\leancomfy\\lean\\.lake\\build\\lib\\lean\\TensorCore\\Graph.olean -i C:\\Users\\justi\\Desktop\\ComfyUI-Lattice-Compositor\\leancomfy\\lean\\.lake\\build\\lib\\lean\\TensorCore\\Graph.ilean -c C:\\Users\\justi\\Desktop\\ComfyUI-Lattice-Compositor\\leancomfy\\lean\\.lake\\build\\ir\\TensorCore\\Graph.c --setup C:\\Users\\justi\\Desktop\\ComfyUI-Lattice-Compositor\\leancomfy\\lean\\.lake\\build\\ir\\TensorCore\\Graph.setup.json --json",
   "level": "trace"},
  {"message":
   "TensorCore/Graph.lean:87:5: unused variable `h`\n\nNote: This linter can be disabled with `set_option linter.unusedVariables false`",
   "level": "warning"},
  {"message":
   "TensorCore/Graph.lean:107:10: unused variable `inp`\n\nNote: This linter can be disabled with `set_option linter.unusedVariables false`",
   "level": "warning"}],
 "inputs":
 [["TensorCore.Graph:deps",
   [["deps",
     [["«tensor-core»/TensorCore:extraDep",
       [["@«tensor-core»:extraDep", "00000000000006bb"]]],
      ["imports",
       [["TensorCore.Ops transitive imports (legacy)", "b7fd382a0dc8f743"],
        ["TensorCore.Ops:importAllArts", "1ea743b70df8da93"]]]]],
    ["libs",
     [["import dynlibs", "00000000000006bb"],
      ["package external libraries", "00000000000006bb"],
      ["module dynlibs", "00000000000006bb"],
      ["module plugins", "00000000000006bb"]]]]],
  ["Lean 4.27.0, commit 2fcce7258eeb6e324366bc25f9058293b04b7547",
   "6f43b597efea5d4c"],
  ["C:\\Users\\justi\\Desktop\\ComfyUI-Lattice-Compositor\\leancomfy\\lean\\TensorCore\\Graph.lean",
   "b54f1be99ae2ffa6"],
  ["options", "00000000000006bb"],
  ["Module.leanArgs: #[]", "00000000000006bb"]],
 "depHash": "3d77736eaa92fad4"}