{"synthetic": false,
 "schemaVersion": "2025-09-10",
 "outputs":
 {"o": ["87f4c9d54ebdd170.olean"],
  "i": "3c315e8f8e62eca7.ilean",
  "c": "a65e5c94f29cc2f2.c"},
 "log":
 [{"message":
   ".> LEAN_PATH=C:\\Users\\justi\\Desktop\\ComfyUI-Lattice-Compositor\\leancomfy\\lean\\.lake\\packages\\Cli\\.lake\\build\\lib\\lean;C:\\Users\\justi\\Desktop\\ComfyUI-Lattice-Compositor\\leancomfy\\lean\\patched-deps\\ImportGraph\\.lake\\build\\lib\\lean;C:\\Users\\justi\\Desktop\\ComfyUI-Lattice-Compositor\\leancomfy\\lean\\.lake\\packages\\LeanSearchClient\\.lake\\build\\lib\\lean;C:\\Users\\justi\\Desktop\\ComfyUI-Lattice-Compositor\\leancomfy\\lean\\.lake\\packages\\plausible\\.lake\\build\\lib\\lean;C:\\Users\\justi\\Desktop\\ComfyUI-Lattice-Compositor\\leancomfy\\lean\\.lake\\packages\\leanblas\\.lake\\build\\lib\\lean;C:\\Users\\justi\\Desktop\\ComfyUI-Lattice-Compositor\\leancomfy\\lean\\patched-deps\\Qq\\.lake\\build\\lib\\lean;C:\\Users\\justi\\Desktop\\ComfyUI-Lattice-Compositor\\leancomfy\\lean\\patched-deps\\aesop\\.lake\\build\\lib\\lean;C:\\Users\\justi\\Desktop\\ComfyUI-Lattice-Compositor\\leancomfy\\lean\\.lake\\packages\\mathlib\\.lake\\build\\lib\\lean;C:\\Users\\justi\\Desktop\\ComfyUI-Lattice-Compositor\\leancomfy\\lean\\.lake\\packages\\scilean\\.lake\\build\\lib\\lean;C:\\Users\\justi\\Desktop\\ComfyUI-Lattice-Compositor\\leancomfy\\lean\\.lake\\packages\\batteries\\.lake\\build\\lib\\lean;C:\\Users\\justi\\Desktop\\ComfyUI-Lattice-Compositor\\leancomfy\\lean\\.lake\\build\\lib\\lean c:\\Users\\justi\\.elan\\toolchains\\leanprover--lean4---v4.27.0-rc1\\bin\\lean.exe C:\\Users\\justi\\Desktop\\ComfyUI-Lattice-Compositor\\leancomfy\\lean\\Lattice\\Composables\\Guides.lean -o C:\\Users\\justi\\Desktop\\ComfyUI-Lattice-Compositor\\leancomfy\\lean\\.lake\\build\\lib\\lean\\Lattice\\Composables\\Guides.olean -i C:\\Users\\justi\\Desktop\\ComfyUI-Lattice-Compositor\\leancomfy\\lean\\.lake\\build\\lib\\lean\\Lattice\\Composables\\Guides.ilean -c C:\\Users\\justi\\Desktop\\ComfyUI-Lattice-Compositor\\leancomfy\\lean\\.lake\\build\\ir\\Lattice\\Composables\\Guides.c --setup C:\\Users\\justi\\Desktop\\ComfyUI-Lattice-Compositor\\leancomfy\\lean\\.lake\\build\\ir\\Lattice\\Composables\\Guides.setup.json --json",
   "level": "trace"}],
 "inputs":
 [["Lattice.Composables.Guides:deps",
   [["deps",
     [["«tensor-core»/Lattice:extraDep",
       [["@«tensor-core»:extraDep", "00000000000006bb"]]],
      ["imports",
       [["Mathlib.Data.List.Basic transitive imports (legacy)",
         "bd5f7f5bd0c8ed83"],
        ["Mathlib.Data.List.Basic:importAllArts", "9366b86cb982f02d"],
        ["Batteries.Lean.Float transitive imports (legacy)",
         "00000000000006bb"],
        ["Batteries.Lean.Float:importAllArts", "584682299f181886"]]]]],
    ["libs",
     [["import dynlibs", "00000000000006bb"],
      ["package external libraries", "00000000000006bb"],
      ["module dynlibs", "00000000000006bb"],
      ["module plugins", "00000000000006bb"]]]]],
  ["Lean 4.27.0, commit 2fcce7258eeb6e324366bc25f9058293b04b7547",
   "6f43b597efea5d4c"],
  ["C:\\Users\\justi\\Desktop\\ComfyUI-Lattice-Compositor\\leancomfy\\lean\\Lattice\\Composables\\Guides.lean",
   "1453f997507ad736"],
  ["options", "00000000000006bb"],
  ["Module.leanArgs: #[]", "00000000000006bb"]],
 "depHash": "eb301cf64e882735"}