{"synthetic": false,
 "schemaVersion": "2025-09-10",
 "outputs":
 {"r": "ac72317e0259b561.ir",
  "o":
  ["542bc96a765654d4.olean",
   "179662012deb0362.olean.server",
   "4c2568c3df453aa7.olean.private"],
  "i": "2fc0d685afee89e0.ilean",
  "c": "ff319705187e9d57.c"},
 "log":
 [{"message":
   ".> LEAN_PATH=C:\\Users\\justi\\Desktop\\ComfyUI-Lattice-Compositor\\leancomfy\\lean\\.lake\\packages\\Cli\\.lake\\build\\lib\\lean;C:\\Users\\justi\\Desktop\\ComfyUI-Lattice-Compositor\\leancomfy\\lean\\patched-deps\\ImportGraph\\.lake\\build\\lib\\lean;C:\\Users\\justi\\Desktop\\ComfyUI-Lattice-Compositor\\leancomfy\\lean\\.lake\\packages\\LeanSearchClient\\.lake\\build\\lib\\lean;C:\\Users\\justi\\Desktop\\ComfyUI-Lattice-Compositor\\leancomfy\\lean\\.lake\\packages\\plausible\\.lake\\build\\lib\\lean;C:\\Users\\justi\\Desktop\\ComfyUI-Lattice-Compositor\\leancomfy\\lean\\.lake\\packages\\leanblas\\.lake\\build\\lib\\lean;C:\\Users\\justi\\Desktop\\ComfyUI-Lattice-Compositor\\leancomfy\\lean\\patched-deps\\Qq\\.lake\\build\\lib\\lean;C:\\Users\\justi\\Desktop\\ComfyUI-Lattice-Compositor\\leancomfy\\lean\\patched-deps\\aesop\\.lake\\build\\lib\\lean;C:\\Users\\justi\\Desktop\\ComfyUI-Lattice-Compositor\\leancomfy\\lean\\.lake\\packages\\mathlib\\.lake\\build\\lib\\lean;C:\\Users\\justi\\Desktop\\ComfyUI-Lattice-Compositor\\leancomfy\\lean\\.lake\\packages\\scilean\\.lake\\build\\lib\\lean;C:\\Users\\justi\\Desktop\\ComfyUI-Lattice-Compositor\\leancomfy\\lean\\.lake\\packages\\batteries\\.lake\\build\\lib\\lean;C:\\Users\\justi\\Desktop\\ComfyUI-Lattice-Compositor\\leancomfy\\lean\\.lake\\build\\lib\\lean c:\\Users\\justi\\.elan\\toolchains\\leanprover--lean4---v4.27.0-rc1\\bin\\lean.exe C:\\Users\\justi\\Desktop\\ComfyUI-Lattice-Compositor\\leancomfy\\lean\\patched-deps\\ImportGraph\\ImportGraph\\Imports.lean -o C:\\Users\\justi\\Desktop\\ComfyUI-Lattice-Compositor\\leancomfy\\lean\\patched-deps\\ImportGraph\\.lake\\build\\lib\\lean\\ImportGraph\\Imports.olean -i C:\\Users\\justi\\Desktop\\ComfyUI-Lattice-Compositor\\leancomfy\\lean\\patched-deps\\ImportGraph\\.lake\\build\\lib\\lean\\ImportGraph\\Imports.ilean -c C:\\Users\\justi\\Desktop\\ComfyUI-Lattice-Compositor\\leancomfy\\lean\\patched-deps\\ImportGraph\\.lake\\build\\ir\\ImportGraph\\Imports.c --setup C:\\Users\\justi\\Desktop\\ComfyUI-Lattice-Compositor\\leancomfy\\lean\\patched-deps\\ImportGraph\\.lake\\build\\ir\\ImportGraph\\Imports.setup.json --json",
   "level": "trace"}],
 "inputs":
 [["ImportGraph.Imports:deps",
   [["deps",
     [["importGraph/ImportGraph:extraDep",
       [["@importGraph:extraDep", "00000000000006bb"]]],
      ["imports",
       [["ImportGraph.RequiredModules transitive imports (public)",
         "00000000000006bb"],
        ["ImportGraph.RequiredModules:importArts", "aec4912f500171a0"]]]]],
    ["libs",
     [["import dynlibs", "00000000000006bb"],
      ["package external libraries", "00000000000006bb"],
      ["module dynlibs", "00000000000006bb"],
      ["module plugins", "00000000000006bb"]]]]],
  ["Lean 4.27.0, commit 2fcce7258eeb6e324366bc25f9058293b04b7547",
   "6f43b597efea5d4c"],
  ["C:\\Users\\justi\\Desktop\\ComfyUI-Lattice-Compositor\\leancomfy\\lean\\patched-deps\\ImportGraph\\ImportGraph\\Imports.lean",
   "37ecffac05a15f2e"],
  ["options", "00000000000006bb"],
  ["Module.leanArgs: #[]", "00000000000006bb"]],
 "depHash": "cbe085800a472bb6"}