{"synthetic": false,
 "schemaVersion": "2025-09-10",
 "outputs":
 {"o": ["577647dd81ed2408.olean"],
  "i": "e2adcceedbe21e2e.ilean",
  "c": "ed610eafd83f60eb.c"},
 "log":
 [{"message":
   ".> LEAN_PATH=C:\\Users\\justi\\Desktop\\ComfyUI-Lattice-Compositor\\leancomfy\\lean\\.lake\\packages\\Cli\\.lake\\build\\lib\\lean;C:\\Users\\justi\\Desktop\\ComfyUI-Lattice-Compositor\\leancomfy\\lean\\patched-deps\\ImportGraph\\.lake\\build\\lib\\lean;C:\\Users\\justi\\Desktop\\ComfyUI-Lattice-Compositor\\leancomfy\\lean\\.lake\\packages\\LeanSearchClient\\.lake\\build\\lib\\lean;C:\\Users\\justi\\Desktop\\ComfyUI-Lattice-Compositor\\leancomfy\\lean\\.lake\\packages\\plausible\\.lake\\build\\lib\\lean;C:\\Users\\justi\\Desktop\\ComfyUI-Lattice-Compositor\\leancomfy\\lean\\.lake\\packages\\leanblas\\.lake\\build\\lib\\lean;C:\\Users\\justi\\Desktop\\ComfyUI-Lattice-Compositor\\leancomfy\\lean\\patched-deps\\Qq\\.lake\\build\\lib\\lean;C:\\Users\\justi\\Desktop\\ComfyUI-Lattice-Compositor\\leancomfy\\lean\\patched-deps\\aesop\\.lake\\build\\lib\\lean;C:\\Users\\justi\\Desktop\\ComfyUI-Lattice-Compositor\\leancomfy\\lean\\.lake\\packages\\mathlib\\.lake\\build\\lib\\lean;C:\\Users\\justi\\Desktop\\ComfyUI-Lattice-Compositor\\leancomfy\\lean\\.lake\\packages\\scilean\\.lake\\build\\lib\\lean;C:\\Users\\justi\\Desktop\\ComfyUI-Lattice-Compositor\\leancomfy\\lean\\.lake\\packages\\batteries\\.lake\\build\\lib\\lean;C:\\Users\\justi\\Desktop\\ComfyUI-Lattice-Compositor\\leancomfy\\lean\\.lake\\build\\lib\\lean c:\\Users\\justi\\.elan\\toolchains\\leanprover--lean4---v4.27.0-rc1\\bin\\lean.exe C:\\Users\\justi\\Desktop\\ComfyUI-Lattice-Compositor\\leancomfy\\lean\\Lattice\\Enums.lean -o C:\\Users\\justi\\Desktop\\ComfyUI-Lattice-Compositor\\leancomfy\\lean\\.lake\\build\\lib\\lean\\Lattice\\Enums.olean -i C:\\Users\\justi\\Desktop\\ComfyUI-Lattice-Compositor\\leancomfy\\lean\\.lake\\build\\lib\\lean\\Lattice\\Enums.ilean -c C:\\Users\\justi\\Desktop\\ComfyUI-Lattice-Compositor\\leancomfy\\lean\\.lake\\build\\ir\\Lattice\\Enums.c --setup C:\\Users\\justi\\Desktop\\ComfyUI-Lattice-Compositor\\leancomfy\\lean\\.lake\\build\\ir\\Lattice\\Enums.setup.json --json",
   "level": "trace"}],
 "inputs":
 [["Lattice.Enums:deps",
   [["deps",
     [["«tensor-core»/Lattice:extraDep",
       [["@«tensor-core»:extraDep", "00000000000006bb"]]],
      ["imports",
       [["Lattice.Primitives transitive imports (legacy)", "36e020963b393667"],
        ["Lattice.Primitives:importAllArts", "f6a172e34f513a0e"],
        ["Batteries.Data.String.Basic transitive imports (legacy)",
         "00000000000006bb"],
        ["Batteries.Data.String.Basic:importAllArts", "873d3f82ad0bcc85"]]]]],
    ["libs",
     [["import dynlibs", "00000000000006bb"],
      ["package external libraries", "00000000000006bb"],
      ["module dynlibs", "00000000000006bb"],
      ["module plugins", "00000000000006bb"]]]]],
  ["Lean 4.27.0, commit 2fcce7258eeb6e324366bc25f9058293b04b7547",
   "6f43b597efea5d4c"],
  ["C:\\Users\\justi\\Desktop\\ComfyUI-Lattice-Compositor\\leancomfy\\lean\\Lattice\\Enums.lean",
   "bcbec603489379f2"],
  ["options", "00000000000006bb"],
  ["Module.leanArgs: #[]", "00000000000006bb"]],
 "depHash": "82defced3102ff19"}